Using pre-set license
Built from '2020.3/staging' branch; Version is '2020.3.25f1 (9b9180224418) revision 10195328'; Using compiler version '192528614'; Build Type 'Release'
OS: 'Windows 10  (10.0.19044) 64bit Core' Language: 'en' Physical Memory: 8137 MB
BatchMode: 1, IsHumanControllingUs: 0, StartBugReporterOnCrash: 0, Is64bit: 1, IsPro: 0

COMMAND LINE ARGUMENTS:
S:\Program Files\Unity\Hub\Editor\2020.3.25f1\Editor\Unity.exe
-adb2
-batchMode
-noUpm
-name
AssetImportWorker0
-projectPath
S:/Documents/Personal Designs/Games/Project World War Mage
-logFile
Logs/AssetImportWorker0.log
-srvPort
51711
Successfully changed project path to: S:/Documents/Personal Designs/Games/Project World War Mage
S:/Documents/Personal Designs/Games/Project World War Mage
Using Asset Import Pipeline V2.
Refreshing native plugins compatible for Editor in 108.83 ms, found 2 plugins.
Preloading 0 native plugins for Editor in 0.00 ms.
Initialize engine version: 2020.3.25f1 (9b9180224418)
[Subsystems] Discovering subsystems at path S:/Program Files/Unity/Hub/Editor/2020.3.25f1/Editor/Data/Resources/UnitySubsystems
[Subsystems] Discovering subsystems at path S:/Documents/Personal Designs/Games/Project World War Mage/Assets
GfxDevice: creating device client; threaded=0
Direct3D:
    Version:  Direct3D 11.0 [level 11.1]
    Renderer: AMD Radeon R9 200 / HD 7900 Series (ID=0x6798)
    Vendor:   
    VRAM:     3051 MB
    Driver:   27.20.20903.8001
Initialize mono
Mono path[0] = 'S:/Program Files/Unity/Hub/Editor/2020.3.25f1/Editor/Data/Managed'
Mono path[1] = 'S:/Program Files/Unity/Hub/Editor/2020.3.25f1/Editor/Data/MonoBleedingEdge/lib/mono/unityjit'
Mono config path = 'S:/Program Files/Unity/Hub/Editor/2020.3.25f1/Editor/Data/MonoBleedingEdge/etc'
Using monoOptions --debugger-agent=transport=dt_socket,embedding=1,server=y,suspend=n,address=127.0.0.1:56388
Begin MonoManager ReloadAssembly
Registering precompiled unity dll's ...
Register platform support module: S:/Program Files/Unity/Hub/Editor/2020.3.25f1/Editor/Data/PlaybackEngines/WindowsStandaloneSupport/UnityEditor.WindowsStandalone.Extensions.dll
Registered in 0.001462 seconds.
Native extension for WindowsStandalone target not found
Refreshing native plugins compatible for Editor in 149.84 ms, found 2 plugins.
Preloading 0 native plugins for Editor in 0.00 ms.
Mono: successfully reloaded assembly
- Completed reload, in  1.091 seconds
Domain Reload Profiling:
	ReloadAssembly (1091ms)
		BeginReloadAssembly (66ms)
			ExecutionOrderSort (0ms)
			DisableScriptedObjects (0ms)
			BackupInstance (0ms)
			ReleaseScriptingObjects (0ms)
			CreateAndSetChildDomain (1ms)
		EndReloadAssembly (937ms)
			LoadAssemblies (64ms)
			RebuildTransferFunctionScriptingTraits (0ms)
			SetupTypeCache (318ms)
			ReleaseScriptCaches (0ms)
			RebuildScriptCaches (44ms)
			SetupLoadedEditorAssemblies (359ms)
				LogAssemblyErrors (0ms)
				InitializePlatformSupportModulesInManaged (5ms)
				SetLoadedEditorAssemblies (0ms)
				RefreshPlugins (150ms)
				BeforeProcessingInitializeOnLoad (22ms)
				ProcessInitializeOnLoadAttributes (139ms)
				ProcessInitializeOnLoadMethodAttributes (42ms)
				AfterProcessingInitializeOnLoad (0ms)
				EditorAssembliesLoaded (0ms)
			ExecutionOrderSort2 (0ms)
			AwakeInstancesAfterBackupRestoration (0ms)
Platform modules already initialized, skipping
Registering precompiled user dll's ...
Registered in 0.003866 seconds.
Begin MonoManager ReloadAssembly
Native extension for WindowsStandalone target not found
Refreshing native plugins compatible for Editor in 0.49 ms, found 2 plugins.
Preloading 0 native plugins for Editor in 0.00 ms.
Mono: successfully reloaded assembly
- Completed reload, in  1.490 seconds
Domain Reload Profiling:
	ReloadAssembly (1491ms)
		BeginReloadAssembly (275ms)
			ExecutionOrderSort (0ms)
			DisableScriptedObjects (6ms)
			BackupInstance (0ms)
			ReleaseScriptingObjects (1ms)
			CreateAndSetChildDomain (44ms)
		EndReloadAssembly (1127ms)
			LoadAssemblies (141ms)
			RebuildTransferFunctionScriptingTraits (0ms)
			SetupTypeCache (414ms)
			ReleaseScriptCaches (0ms)
			RebuildScriptCaches (71ms)
			SetupLoadedEditorAssemblies (399ms)
				LogAssemblyErrors (0ms)
				InitializePlatformSupportModulesInManaged (6ms)
				SetLoadedEditorAssemblies (1ms)
				RefreshPlugins (1ms)
				BeforeProcessingInitializeOnLoad (96ms)
				ProcessInitializeOnLoadAttributes (279ms)
				ProcessInitializeOnLoadMethodAttributes (12ms)
				AfterProcessingInitializeOnLoad (4ms)
				EditorAssembliesLoaded (0ms)
			ExecutionOrderSort2 (0ms)
			AwakeInstancesAfterBackupRestoration (8ms)
Platform modules already initialized, skipping
========================================================================
Worker process is ready to serve import requests
Launched and connected shader compiler UnityShaderCompiler.exe after 0.19 seconds
Refreshing native plugins compatible for Editor in 0.44 ms, found 2 plugins.
Preloading 0 native plugins for Editor in 0.00 ms.
Unloading 1643 Unused Serialized files (Serialized files now loaded: 0)
System memory in use before: 72.2 MB.
System memory in use after: 72.3 MB.

Unloading 19 unused Assets to reduce memory usage. Loaded Objects now: 2075.
Total: 3.589200 ms (FindLiveObjects: 0.221800 ms CreateObjectMapping: 0.137900 ms MarkObjects: 3.152000 ms  DeleteObjects: 0.076000 ms)

AssetImportParameters requested are different than current active one (requested -> active):
  custom:framework-win-MediaFoundation: 216162199b28c13a410421893ffa2e32 -> 
  custom:video-decoder-ogg-theora: a1e56fd34408186e4bbccfd4996cb3dc -> 
  custom:container-muxer-webm: aa71ff27fc2769a1b78a27578f13a17b -> 
  custom:container-demuxer-webm: 4f35f7cbe854078d1ac9338744f61a02 -> 
  custom:container-demuxer-ogg: 62fdf1f143b41e24485cea50d1cbac27 -> 
  custom:video-encoder-webm-vp8: eb34c28f22e8b96e1ab97ce403110664 -> 
  custom:video-decoder-webm-vp8: 9c59270c3fd7afecdb556c50c9e8de78 -> 
  custom:audio-decoder-ogg-vorbis: bf7c407c2cedff20999df2af8eb42d56 -> 
  custom:audio-encoder-webm-vorbis: bf7c407c2cedff20999df2af8eb42d56 -> 
========================================================================
Received Import Request.
  path: Assets/TBS Framework/TBS Framework - Documentation v2.1.pdf
  artifactKey: Guid(60833a8ec0b0f084e85239adf41ed4c9) Importer(815301076,1909f56bfc062723c751e8b465ee728b)
Start importing Assets/TBS Framework/TBS Framework - Documentation v2.1.pdf using Guid(60833a8ec0b0f084e85239adf41ed4c9) Importer(815301076,1909f56bfc062723c751e8b465ee728b)  -> (artifact id: 'ec2889667534bbe01119e41d59438f2a') in 0.129514 seconds 
  Import took 0.149978 seconds .

========================================================================
Received Import Request.
  Time since last request: 0.000314 seconds.
  path: Assets/TBS Framework/FAQ v2.1.pdf
  artifactKey: Guid(9761b546e0436bc49bbe17266a29748e) Importer(815301076,1909f56bfc062723c751e8b465ee728b)
Start importing Assets/TBS Framework/FAQ v2.1.pdf using Guid(9761b546e0436bc49bbe17266a29748e) Importer(815301076,1909f56bfc062723c751e8b465ee728b)  -> (artifact id: '6e161517ac34bfb6a594fc854c736a70') in 0.016497 seconds 
  Import took 0.035351 seconds .

========================================================================
Received Import Request.
  Time since last request: 39297.055043 seconds.
  path: Assets/TBS Framework/Examples/Example4/Scripts
  artifactKey: Guid(5b29120ef9c005345aea9e6f98b2acea) Importer(815301076,1909f56bfc062723c751e8b465ee728b)
Start importing Assets/TBS Framework/Examples/Example4/Scripts using Guid(5b29120ef9c005345aea9e6f98b2acea) Importer(815301076,1909f56bfc062723c751e8b465ee728b)  -> (artifact id: '2b0b17e2944410f4bcc3e7399ee03038') in 0.265508 seconds 
  Import took 0.416274 seconds .

========================================================================
Received Import Request.
  Time since last request: 13.210263 seconds.
  path: Assets/TBS Framework/Examples/Example4/Prefabs
  artifactKey: Guid(e0ab70b5b2c16234fb90404c0cb4e07f) Importer(815301076,1909f56bfc062723c751e8b465ee728b)
Start importing Assets/TBS Framework/Examples/Example4/Prefabs using Guid(e0ab70b5b2c16234fb90404c0cb4e07f) Importer(815301076,1909f56bfc062723c751e8b465ee728b)  -> (artifact id: '02d0956a1ca5be47d689fc88d1dad571') in 0.074207 seconds 
  Import took 0.094074 seconds .

========================================================================
Received Import Request.
  Time since last request: 1.180001 seconds.
  path: Assets/TBS Framework/Examples/Example4/Prefabs/Units
  artifactKey: Guid(6f8f8c35a9e6b2a45bb88a6bb1090f4a) Importer(815301076,1909f56bfc062723c751e8b465ee728b)
Start importing Assets/TBS Framework/Examples/Example4/Prefabs/Units using Guid(6f8f8c35a9e6b2a45bb88a6bb1090f4a) Importer(815301076,1909f56bfc062723c751e8b465ee728b)  -> (artifact id: 'a59384991d27c9b52da4a8c3df425419') in 0.057541 seconds 
  Import took 0.088876 seconds .

========================================================================
Received Import Request.
  Time since last request: 0.014336 seconds.
  path: Assets/TBS Framework/Examples/Example4/Prefabs/Units/Bandit.prefab
  artifactKey: Guid(5da4406f26142484291048ee8e0e8803) Importer(815301076,1909f56bfc062723c751e8b465ee728b)
Start importing Assets/TBS Framework/Examples/Example4/Prefabs/Units/Bandit.prefab using Guid(5da4406f26142484291048ee8e0e8803) Importer(815301076,1909f56bfc062723c751e8b465ee728b)  -> (artifact id: 'fa92dfa3ae89ca443e3c67a395ec0ca7') in 3.846208 seconds 
  Import took 3.925080 seconds .

========================================================================
Received Import Request.
  Time since last request: 0.000503 seconds.
  path: Assets/TBS Framework/Examples/Example4/Prefabs/Units/Wizard.prefab
  artifactKey: Guid(58726c4be48425b4082ae437ef57634d) Importer(815301076,1909f56bfc062723c751e8b465ee728b)
Start importing Assets/TBS Framework/Examples/Example4/Prefabs/Units/Wizard.prefab using Guid(58726c4be48425b4082ae437ef57634d) Importer(815301076,1909f56bfc062723c751e8b465ee728b)  -> (artifact id: 'a0d3684572d86e3c1187c8c1811b2861') in 0.201907 seconds 
  Import took 0.260823 seconds .

========================================================================
Received Import Request.
  Time since last request: 0.000518 seconds.
  path: Assets/TBS Framework/Examples/Example4/Prefabs/Units/Knight.prefab
  artifactKey: Guid(1fd433283b3a6b1418f2f76b3863020f) Importer(815301076,1909f56bfc062723c751e8b465ee728b)
Start importing Assets/TBS Framework/Examples/Example4/Prefabs/Units/Knight.prefab using Guid(1fd433283b3a6b1418f2f76b3863020f) Importer(815301076,1909f56bfc062723c751e8b465ee728b)  -> (artifact id: '24f77d559a78af8eaa6340a42067a3d2') in 0.113001 seconds 
  Import took 0.142052 seconds .

========================================================================
Received Import Request.
  Time since last request: 0.000474 seconds.
  path: Assets/TBS Framework/Examples/Example4/Prefabs/Units/HQ.prefab
  artifactKey: Guid(031e95c22f1bad24c9ed20293e5b324e) Importer(815301076,1909f56bfc062723c751e8b465ee728b)
Start importing Assets/TBS Framework/Examples/Example4/Prefabs/Units/HQ.prefab using Guid(031e95c22f1bad24c9ed20293e5b324e) Importer(815301076,1909f56bfc062723c751e8b465ee728b)  -> (artifact id: 'ec4179261d4f9a509d049ae91ba306be') in 0.200862 seconds 
  Import took 0.255686 seconds .

========================================================================
Received Import Request.
  Time since last request: 0.000453 seconds.
  path: Assets/TBS Framework/Examples/Example4/Prefabs/Units/City.prefab
  artifactKey: Guid(99c84b9b8d919674cba56e188363f531) Importer(815301076,1909f56bfc062723c751e8b465ee728b)
Start importing Assets/TBS Framework/Examples/Example4/Prefabs/Units/City.prefab using Guid(99c84b9b8d919674cba56e188363f531) Importer(815301076,1909f56bfc062723c751e8b465ee728b)  -> (artifact id: 'cb3730bf0ad4f8f6b8e5e976a29c1ac8') in 0.118511 seconds 
  Import took 0.178627 seconds .

========================================================================
Received Import Request.
  Time since last request: 0.000535 seconds.
  path: Assets/TBS Framework/Examples/Example4/Prefabs/Units/Factory.prefab
  artifactKey: Guid(32ac93d766ea3fa46b8d37271e0a5af5) Importer(815301076,1909f56bfc062723c751e8b465ee728b)
Start importing Assets/TBS Framework/Examples/Example4/Prefabs/Units/Factory.prefab using Guid(32ac93d766ea3fa46b8d37271e0a5af5) Importer(815301076,1909f56bfc062723c751e8b465ee728b)  -> (artifact id: '506e70d316639c23597062d7d4b6d405') in 0.355224 seconds 
  Import took 0.420727 seconds .

========================================================================
Received Import Request.
  Time since last request: 0.000527 seconds.
  path: Assets/TBS Framework/Examples/Example4/Prefabs/Units/Scout.prefab
  artifactKey: Guid(76b800f8c5ac4594990a25b654b039b7) Importer(815301076,1909f56bfc062723c751e8b465ee728b)
Start importing Assets/TBS Framework/Examples/Example4/Prefabs/Units/Scout.prefab using Guid(76b800f8c5ac4594990a25b654b039b7) Importer(815301076,1909f56bfc062723c751e8b465ee728b)  -> (artifact id: '1aa7424a9490820e979de402a3181aaf') in 0.110519 seconds 
  Import took 0.132526 seconds .

========================================================================
Received Import Request.
  Time since last request: 10.658093 seconds.
  path: Assets/TBS Framework/Examples/Example1/MediumAttackBuff.asset
  artifactKey: Guid(810225cdfe2f7ef4dae2412009491dd4) Importer(815301076,1909f56bfc062723c751e8b465ee728b)
Start importing Assets/TBS Framework/Examples/Example1/MediumAttackBuff.asset using Guid(810225cdfe2f7ef4dae2412009491dd4) Importer(815301076,1909f56bfc062723c751e8b465ee728b)  -> (artifact id: 'f7aacc5e0456c8a5aca2a4f5ccf4bf3b') in 0.068500 seconds 
  Import took 0.074398 seconds .

========================================================================
Received Import Request.
  Time since last request: 0.000483 seconds.
  path: Assets/TBS Framework/Examples/Example1/SmallDefenceBuff.asset
  artifactKey: Guid(37b9d92bd40b11e4d9aae0a689a8381c) Importer(815301076,1909f56bfc062723c751e8b465ee728b)
Start importing Assets/TBS Framework/Examples/Example1/SmallDefenceBuff.asset using Guid(37b9d92bd40b11e4d9aae0a689a8381c) Importer(815301076,1909f56bfc062723c751e8b465ee728b)  -> (artifact id: '40a637ee27944e775fe4b97be6f51d9f') in 0.060691 seconds 
  Import took 0.076659 seconds .

========================================================================
Received Import Request.
  Time since last request: 0.000310 seconds.
  path: Assets/TBS Framework/Examples/Example1/SmalHealthBuff.asset
  artifactKey: Guid(d881c2a928a43da4b98d66b2fb14f12e) Importer(815301076,1909f56bfc062723c751e8b465ee728b)
Start importing Assets/TBS Framework/Examples/Example1/SmalHealthBuff.asset using Guid(d881c2a928a43da4b98d66b2fb14f12e) Importer(815301076,1909f56bfc062723c751e8b465ee728b)  -> (artifact id: '974fb06b5e4d278d57a6eed304e19f58') in 0.150607 seconds 
  Import took 0.206052 seconds .

========================================================================
Received Import Request.
  Time since last request: 5.828356 seconds.
  path: Assets/TBS Framework/Examples/Example1/Models
  artifactKey: Guid(63e9e3cab080d874f9fc052cc66cf9ca) Importer(815301076,1909f56bfc062723c751e8b465ee728b)
Start importing Assets/TBS Framework/Examples/Example1/Models using Guid(63e9e3cab080d874f9fc052cc66cf9ca) Importer(815301076,1909f56bfc062723c751e8b465ee728b)  -> (artifact id: 'd79a5f31c4de0e8a67d87d57cdd09c52') in 0.125210 seconds 
  Import took 0.151364 seconds .

========================================================================
Received Import Request.
  Time since last request: 0.015875 seconds.
  path: Assets/TBS Framework/Examples/Example1/Models/hex_model.fbx
  artifactKey: Guid(877c6bd5215f62940abcb32153ad0184) Importer(815301076,1909f56bfc062723c751e8b465ee728b)
Start importing Assets/TBS Framework/Examples/Example1/Models/hex_model.fbx using Guid(877c6bd5215f62940abcb32153ad0184) Importer(815301076,1909f56bfc062723c751e8b465ee728b)  -> (artifact id: '254a7a6c7e9b01719b352df8bb085ff3') in 1.757099 seconds 
  Import took 1.762021 seconds .

========================================================================
Received Import Request.
  Time since last request: 6.550993 seconds.
  path: Assets/TBS Framework/Examples/Example5
  artifactKey: Guid(6f445ef9df2d1b34eb05cf2cbfa96be9) Importer(815301076,1909f56bfc062723c751e8b465ee728b)
Start importing Assets/TBS Framework/Examples/Example5 using Guid(6f445ef9df2d1b34eb05cf2cbfa96be9) Importer(815301076,1909f56bfc062723c751e8b465ee728b)  -> (artifact id: 'f33316c243229728bce78a3ecb0f232b') in 0.262893 seconds 
  Import took 0.278461 seconds .

========================================================================
Received Import Request.
  Time since last request: 3.622248 seconds.
  path: Assets/TBS Framework/Examples/Example5/Prefabs
  artifactKey: Guid(3b1f27334a276324c9f2132378f74f63) Importer(815301076,1909f56bfc062723c751e8b465ee728b)
Start importing Assets/TBS Framework/Examples/Example5/Prefabs using Guid(3b1f27334a276324c9f2132378f74f63) Importer(815301076,1909f56bfc062723c751e8b465ee728b)  -> (artifact id: '49705f40ad2bb3596a5327ed0c86381e') in 0.005560 seconds 
  Import took 0.026748 seconds .

========================================================================
Received Import Request.
  Time since last request: 0.056610 seconds.
  path: Assets/TBS Framework/Examples/Example5/Prefabs/HOMMHex.prefab
  artifactKey: Guid(ee0486bb9ccf4c844aff9c46db40c8ad) Importer(815301076,1909f56bfc062723c751e8b465ee728b)
Start importing Assets/TBS Framework/Examples/Example5/Prefabs/HOMMHex.prefab using Guid(ee0486bb9ccf4c844aff9c46db40c8ad) Importer(815301076,1909f56bfc062723c751e8b465ee728b)  -> (artifact id: '17a27a37c135bbf71899441502d29f77') in 0.677226 seconds 
  Import took 0.703512 seconds .

========================================================================
Received Import Request.
  Time since last request: 1.241718 seconds.
  path: Assets/TBS Framework/Examples/Example5/Prefabs/Units
  artifactKey: Guid(2b7b473607fa09640b76566f053a68f2) Importer(815301076,1909f56bfc062723c751e8b465ee728b)
Start importing Assets/TBS Framework/Examples/Example5/Prefabs/Units using Guid(2b7b473607fa09640b76566f053a68f2) Importer(815301076,1909f56bfc062723c751e8b465ee728b)  -> (artifact id: 'bdcf2b3e76db9c65a1a277c50c04ded3') in 0.006667 seconds 
  Import took 0.264223 seconds .

========================================================================
Received Import Request.
  Time since last request: 0.038032 seconds.
  path: Assets/TBS Framework/Examples/Example5/Prefabs/Units/HOMMUnitBabaWitch.prefab
  artifactKey: Guid(1e09d115edebbc2439e420ef2aa919ef) Importer(815301076,1909f56bfc062723c751e8b465ee728b)
Start importing Assets/TBS Framework/Examples/Example5/Prefabs/Units/HOMMUnitBabaWitch.prefab using Guid(1e09d115edebbc2439e420ef2aa919ef) Importer(815301076,1909f56bfc062723c751e8b465ee728b)  -> (artifact id: '3a86b2c55266bb553c0f4224f3ce1c08') in 0.562929 seconds 
  Import took 0.592849 seconds .

========================================================================
Received Import Request.
  Time since last request: 0.000513 seconds.
  path: Assets/TBS Framework/Examples/Example5/Prefabs/Units/HOMMUnitThanatos.prefab
  artifactKey: Guid(7dbd6885a714c3e468b8424c3cf0fe6f) Importer(815301076,1909f56bfc062723c751e8b465ee728b)
Start importing Assets/TBS Framework/Examples/Example5/Prefabs/Units/HOMMUnitThanatos.prefab using Guid(7dbd6885a714c3e468b8424c3cf0fe6f) Importer(815301076,1909f56bfc062723c751e8b465ee728b)  -> (artifact id: '2685d7c6407fa8fe5f087443491a066e') in 0.141632 seconds 
  Import took 0.146665 seconds .

========================================================================
Received Import Request.
  Time since last request: 0.000188 seconds.
  path: Assets/TBS Framework/Examples/Example5/Prefabs/Units/HOMMUnitTiamat.prefab
  artifactKey: Guid(5111accce6e59ed4a8814b3589636f75) Importer(815301076,1909f56bfc062723c751e8b465ee728b)
Start importing Assets/TBS Framework/Examples/Example5/Prefabs/Units/HOMMUnitTiamat.prefab using Guid(5111accce6e59ed4a8814b3589636f75) Importer(815301076,1909f56bfc062723c751e8b465ee728b)  -> (artifact id: '399ed5c7a25f77e7c4abdf9cdffe3fda') in 0.029960 seconds 
  Import took 0.033289 seconds .

========================================================================
Received Import Request.
  Time since last request: 0.000205 seconds.
  path: Assets/TBS Framework/Examples/Example5/Prefabs/Units/HOMMUnitSeaCalamityUrmica.prefab
  artifactKey: Guid(80f0b752db0195b4eb6a4cb0529f5a17) Importer(815301076,1909f56bfc062723c751e8b465ee728b)
Start importing Assets/TBS Framework/Examples/Example5/Prefabs/Units/HOMMUnitSeaCalamityUrmica.prefab using Guid(80f0b752db0195b4eb6a4cb0529f5a17) Importer(815301076,1909f56bfc062723c751e8b465ee728b)  -> (artifact id: '590fafe12bab47f4159b58d7a4eb7727') in 0.104210 seconds 
  Import took 0.117760 seconds .

========================================================================
Received Import Request.
  Time since last request: 0.000343 seconds.
  path: Assets/TBS Framework/Examples/Example5/Prefabs/Units/HOMMUnitHades.prefab
  artifactKey: Guid(b6de8c4d94e13c34ab478a796a13e5fd) Importer(815301076,1909f56bfc062723c751e8b465ee728b)
Start importing Assets/TBS Framework/Examples/Example5/Prefabs/Units/HOMMUnitHades.prefab using Guid(b6de8c4d94e13c34ab478a796a13e5fd) Importer(815301076,1909f56bfc062723c751e8b465ee728b)  -> (artifact id: '27643584aa6f26604058167ba02c5bf1') in 0.162945 seconds 
  Import took 0.167200 seconds .

========================================================================
Received Import Request.
  Time since last request: 0.000294 seconds.
  path: Assets/TBS Framework/Examples/Example5/Prefabs/Units/HOMMUnitContinentalTurtleRukkha.prefab
  artifactKey: Guid(d55fdc226ae8b554c8f5c2e359b6632d) Importer(815301076,1909f56bfc062723c751e8b465ee728b)
Start importing Assets/TBS Framework/Examples/Example5/Prefabs/Units/HOMMUnitContinentalTurtleRukkha.prefab using Guid(d55fdc226ae8b554c8f5c2e359b6632d) Importer(815301076,1909f56bfc062723c751e8b465ee728b)  -> (artifact id: '72d9ca28d38f1c817d68af6b31945b3e') in 0.116732 seconds 
  Import took 0.120786 seconds .

========================================================================
Received Import Request.
  Time since last request: 0.000267 seconds.
  path: Assets/TBS Framework/Examples/Example5/Prefabs/Units/HOMMUnitCollosalCrow.prefab
  artifactKey: Guid(aabcc9fe71b47af4f883aca178a3299c) Importer(815301076,1909f56bfc062723c751e8b465ee728b)
Start importing Assets/TBS Framework/Examples/Example5/Prefabs/Units/HOMMUnitCollosalCrow.prefab using Guid(aabcc9fe71b47af4f883aca178a3299c) Importer(815301076,1909f56bfc062723c751e8b465ee728b)  -> (artifact id: '48fd8262c566c8735aea1e489d88fd0d') in 0.065345 seconds 
  Import took 0.069232 seconds .

========================================================================
Received Import Request.
  Time since last request: 0.000252 seconds.
  path: Assets/TBS Framework/Examples/Example5/Prefabs/Units/HOMMUnitDynamo.prefab
  artifactKey: Guid(187c7170c47c892488d78a040992ede9) Importer(815301076,1909f56bfc062723c751e8b465ee728b)
Start importing Assets/TBS Framework/Examples/Example5/Prefabs/Units/HOMMUnitDynamo.prefab using Guid(187c7170c47c892488d78a040992ede9) Importer(815301076,1909f56bfc062723c751e8b465ee728b)  -> (artifact id: '53345a7a1bd2cda297c38f7384bd020c') in 0.139157 seconds 
  Import took 0.145379 seconds .

========================================================================
Received Import Request.
  Time since last request: 0.000185 seconds.
  path: Assets/TBS Framework/Examples/Example5/Prefabs/Units/HOMMUnitRunicStoneGolem.prefab
  artifactKey: Guid(888ed07ad2ad93b4fabad9b0fb1a1ab7) Importer(815301076,1909f56bfc062723c751e8b465ee728b)
Start importing Assets/TBS Framework/Examples/Example5/Prefabs/Units/HOMMUnitRunicStoneGolem.prefab using Guid(888ed07ad2ad93b4fabad9b0fb1a1ab7) Importer(815301076,1909f56bfc062723c751e8b465ee728b)  -> (artifact id: 'd82030864d56b8f97f01797a07e5466c') in 0.074162 seconds 
  Import took 0.077415 seconds .

========================================================================
Received Import Request.
  Time since last request: 0.000293 seconds.
  path: Assets/TBS Framework/Examples/Example5/Prefabs/Units/HOMMUnitQueenShaccad.prefab
  artifactKey: Guid(a428093784bd72747988626ab71a4030) Importer(815301076,1909f56bfc062723c751e8b465ee728b)
Start importing Assets/TBS Framework/Examples/Example5/Prefabs/Units/HOMMUnitQueenShaccad.prefab using Guid(a428093784bd72747988626ab71a4030) Importer(815301076,1909f56bfc062723c751e8b465ee728b)  -> (artifact id: '2bb71cc8f7e339985d988acc0255e86f') in 0.078720 seconds 
  Import took 0.082072 seconds .

========================================================================
Received Import Request.
  Time since last request: 9.639894 seconds.
  path: Assets/TBS Framework/Examples/Example4/UI
  artifactKey: Guid(91d0d488fcf71ab45bdde18e2913ffe2) Importer(815301076,1909f56bfc062723c751e8b465ee728b)
Start importing Assets/TBS Framework/Examples/Example4/UI using Guid(91d0d488fcf71ab45bdde18e2913ffe2) Importer(815301076,1909f56bfc062723c751e8b465ee728b)  -> (artifact id: 'f1d110a19407f75c4915b610f6a6ba87') in 0.043717 seconds 
  Import took 0.050566 seconds .

========================================================================
Received Import Request.
  Time since last request: 0.417063 seconds.
  path: Assets/TBS Framework/Examples/Example4/UI/blue_boxCheckmark.png
  artifactKey: Guid(277f02b556e0c9449866e8d4eeb54cb6) Importer(815301076,1909f56bfc062723c751e8b465ee728b)
Start importing Assets/TBS Framework/Examples/Example4/UI/blue_boxCheckmark.png using Guid(277f02b556e0c9449866e8d4eeb54cb6) Importer(815301076,1909f56bfc062723c751e8b465ee728b)  -> (artifact id: '71afe3c2447ad7488adaedb89b95fa63') in 0.255531 seconds 
  Import took 0.392100 seconds .

========================================================================
Received Import Request.
  Time since last request: 0.000205 seconds.
  path: Assets/TBS Framework/Examples/Example4/UI/blue_button03.png
  artifactKey: Guid(2ddb99c56d366fe4aafd0bd7199a8020) Importer(815301076,1909f56bfc062723c751e8b465ee728b)
Start importing Assets/TBS Framework/Examples/Example4/UI/blue_button03.png using Guid(2ddb99c56d366fe4aafd0bd7199a8020) Importer(815301076,1909f56bfc062723c751e8b465ee728b)  -> (artifact id: 'f07e47a6a47ad646574b69d3572430c6') in 0.062466 seconds 
  Import took 0.066193 seconds .

========================================================================
Received Import Request.
  Time since last request: 0.000241 seconds.
  path: Assets/TBS Framework/Examples/Example4/UI/blue_button08.png
  artifactKey: Guid(6fbda81b37f8f4148acf95c76827ee8c) Importer(815301076,1909f56bfc062723c751e8b465ee728b)
Start importing Assets/TBS Framework/Examples/Example4/UI/blue_button08.png using Guid(6fbda81b37f8f4148acf95c76827ee8c) Importer(815301076,1909f56bfc062723c751e8b465ee728b)  -> (artifact id: 'de3139c1bb567b3ae0eff9608314630f') in 0.074302 seconds 
  Import took 0.090547 seconds .

========================================================================
Received Import Request.
  Time since last request: 0.002723 seconds.
  path: Assets/TBS Framework/Examples/Example4/UI/blue_boxCross.png
  artifactKey: Guid(47b15055dd4861e4faca7079fd7b4117) Importer(815301076,1909f56bfc062723c751e8b465ee728b)
Start importing Assets/TBS Framework/Examples/Example4/UI/blue_boxCross.png using Guid(47b15055dd4861e4faca7079fd7b4117) Importer(815301076,1909f56bfc062723c751e8b465ee728b)  -> (artifact id: '93ed17f85e1b8d1a0d59c701c0a05a00') in 0.054518 seconds 
  Import took 0.060157 seconds .

========================================================================
Received Import Request.
  Time since last request: 0.000202 seconds.
  path: Assets/TBS Framework/Examples/Example4/UI/blue_button02.png
  artifactKey: Guid(4c055fbde271f974392a4dd04eb4ca24) Importer(815301076,1909f56bfc062723c751e8b465ee728b)
Start importing Assets/TBS Framework/Examples/Example4/UI/blue_button02.png using Guid(4c055fbde271f974392a4dd04eb4ca24) Importer(815301076,1909f56bfc062723c751e8b465ee728b)  -> (artifact id: 'c05834bd04da636faf88948eb556c2c7') in 0.070795 seconds 
  Import took 0.107036 seconds .

========================================================================
Received Import Request.
  Time since last request: 0.000199 seconds.
  path: Assets/TBS Framework/Examples/Example4/UI/blue_button05.png
  artifactKey: Guid(ae6c4bc975fea8448b8b2548cbcdb8ae) Importer(815301076,1909f56bfc062723c751e8b465ee728b)
Start importing Assets/TBS Framework/Examples/Example4/UI/blue_button05.png using Guid(ae6c4bc975fea8448b8b2548cbcdb8ae) Importer(815301076,1909f56bfc062723c751e8b465ee728b)  -> (artifact id: '05d6b37f47b100ecfbd5ab38b469c3a8') in 0.074649 seconds 
  Import took 0.077957 seconds .

========================================================================
Received Import Request.
  Time since last request: 0.000185 seconds.
  path: Assets/TBS Framework/Examples/Example4/UI/blue_button06.png
  artifactKey: Guid(9690bc823d5229042a15cfb941884dbb) Importer(815301076,1909f56bfc062723c751e8b465ee728b)
Start importing Assets/TBS Framework/Examples/Example4/UI/blue_button06.png using Guid(9690bc823d5229042a15cfb941884dbb) Importer(815301076,1909f56bfc062723c751e8b465ee728b)  -> (artifact id: 'f84344632380c930dc9d7de818279f06') in 0.075459 seconds 
  Import took 0.078590 seconds .

========================================================================
Received Import Request.
  Time since last request: 0.000190 seconds.
  path: Assets/TBS Framework/Examples/Example4/UI/blue_button07.png
  artifactKey: Guid(c9e0d275c9e360b4e95d7c987a50ecba) Importer(815301076,1909f56bfc062723c751e8b465ee728b)
Start importing Assets/TBS Framework/Examples/Example4/UI/blue_button07.png using Guid(c9e0d275c9e360b4e95d7c987a50ecba) Importer(815301076,1909f56bfc062723c751e8b465ee728b)  -> (artifact id: '18f0cd2a3317a01a04538325f53467de') in 0.060925 seconds 
  Import took 0.073140 seconds .

========================================================================
Received Import Request.
  Time since last request: 0.000310 seconds.
  path: Assets/TBS Framework/Examples/Example4/UI/blue_button00.png
  artifactKey: Guid(738bcb7caba2484459fb79fa87aef114) Importer(815301076,1909f56bfc062723c751e8b465ee728b)
Start importing Assets/TBS Framework/Examples/Example4/UI/blue_button00.png using Guid(738bcb7caba2484459fb79fa87aef114) Importer(815301076,1909f56bfc062723c751e8b465ee728b)  -> (artifact id: '10b489a5cf4db6c7ed9e45743bf8eade') in 0.032105 seconds 
  Import took 0.035458 seconds .

========================================================================
Received Import Request.
  Time since last request: 0.000252 seconds.
  path: Assets/TBS Framework/Examples/Example4/UI/blue_button04.png
  artifactKey: Guid(dc439029d2f6177479b2256dff304ff3) Importer(815301076,1909f56bfc062723c751e8b465ee728b)
Start importing Assets/TBS Framework/Examples/Example4/UI/blue_button04.png using Guid(dc439029d2f6177479b2256dff304ff3) Importer(815301076,1909f56bfc062723c751e8b465ee728b)  -> (artifact id: '3aaadb7cb1d219d9c75e6fa3d67bf9b6') in 0.033103 seconds 
  Import took 0.036558 seconds .

========================================================================
Received Import Request.
  Time since last request: 0.000209 seconds.
  path: Assets/TBS Framework/Examples/Example4/UI/blue_button01.png
  artifactKey: Guid(d0b6babee7e0d3a45935c324aa83dd8b) Importer(815301076,1909f56bfc062723c751e8b465ee728b)
Start importing Assets/TBS Framework/Examples/Example4/UI/blue_button01.png using Guid(d0b6babee7e0d3a45935c324aa83dd8b) Importer(815301076,1909f56bfc062723c751e8b465ee728b)  -> (artifact id: 'c298ca84ad0106f48282d10dce590361') in 0.069017 seconds 
  Import took 0.100408 seconds .

========================================================================
Received Import Request.
  Time since last request: 0.000188 seconds.
  path: Assets/TBS Framework/Examples/Example4/UI/blue_boxTick.png
  artifactKey: Guid(4d8327206170d934f884bd651776bfe8) Importer(815301076,1909f56bfc062723c751e8b465ee728b)
Start importing Assets/TBS Framework/Examples/Example4/UI/blue_boxTick.png using Guid(4d8327206170d934f884bd651776bfe8) Importer(815301076,1909f56bfc062723c751e8b465ee728b)  -> (artifact id: 'fd2669e2061fd388d059795c819ab3ad') in 0.329888 seconds 
  Import took 0.335233 seconds .

========================================================================
Received Import Request.
  Time since last request: 1.402332 seconds.
  path: Assets/TBS Framework/Examples/Example4/UI/blue_button09.png
  artifactKey: Guid(553d75fd7563dc34c9afdf9e276a82e4) Importer(815301076,1909f56bfc062723c751e8b465ee728b)
Start importing Assets/TBS Framework/Examples/Example4/UI/blue_button09.png using Guid(553d75fd7563dc34c9afdf9e276a82e4) Importer(815301076,1909f56bfc062723c751e8b465ee728b)  -> (artifact id: 'd3896c22f2fbea98f5227087fc99e200') in 0.045644 seconds 
  Import took 0.091594 seconds .

========================================================================
Received Import Request.
  Time since last request: 0.156791 seconds.
  path: Assets/TBS Framework/Examples/Example4/UI/blue_button10.png
  artifactKey: Guid(edb17fde487cc174a9904bb420570a40) Importer(815301076,1909f56bfc062723c751e8b465ee728b)
Start importing Assets/TBS Framework/Examples/Example4/UI/blue_button10.png using Guid(edb17fde487cc174a9904bb420570a40) Importer(815301076,1909f56bfc062723c751e8b465ee728b)  -> (artifact id: '9b9d01b730ba12c72c5c95913dabe94b') in 0.343537 seconds 
  Import took 0.373013 seconds .

========================================================================
Received Import Request.
  Time since last request: 0.000470 seconds.
  path: Assets/TBS Framework/Examples/Example4/UI/blue_button12.png
  artifactKey: Guid(0ce9e291270e06c42919ea6c0f7284a0) Importer(815301076,1909f56bfc062723c751e8b465ee728b)
Start importing Assets/TBS Framework/Examples/Example4/UI/blue_button12.png using Guid(0ce9e291270e06c42919ea6c0f7284a0) Importer(815301076,1909f56bfc062723c751e8b465ee728b)  -> (artifact id: '7a9e892d578008bf704d0d723dab5ee3') in 0.072132 seconds 
  Import took 0.076654 seconds .

========================================================================
Received Import Request.
  Time since last request: 0.000275 seconds.
  path: Assets/TBS Framework/Examples/Example4/UI/blue_button11.png
  artifactKey: Guid(41997d25d24507542800b18aaa979c9d) Importer(815301076,1909f56bfc062723c751e8b465ee728b)
Start importing Assets/TBS Framework/Examples/Example4/UI/blue_button11.png using Guid(41997d25d24507542800b18aaa979c9d) Importer(815301076,1909f56bfc062723c751e8b465ee728b)  -> (artifact id: 'b118adb69df909119f8abbed32ddd940') in 0.109768 seconds 
  Import took 0.162277 seconds .

========================================================================
Received Import Request.
  Time since last request: 0.000462 seconds.
  path: Assets/TBS Framework/Examples/Example4/UI/blue_button13.png
  artifactKey: Guid(1057636a56af27f48a61f26de011a19b) Importer(815301076,1909f56bfc062723c751e8b465ee728b)
Start importing Assets/TBS Framework/Examples/Example4/UI/blue_button13.png using Guid(1057636a56af27f48a61f26de011a19b) Importer(815301076,1909f56bfc062723c751e8b465ee728b)  -> (artifact id: 'ede5e64b13b223a27c8a6a64c8c3c711') in 0.081742 seconds 
  Import took 0.085962 seconds .

========================================================================
Received Import Request.
  Time since last request: 0.000288 seconds.
  path: Assets/TBS Framework/Examples/Example4/UI/blue_checkmark.png
  artifactKey: Guid(9a9216ae291e4d644a5c9a6fc6f932d2) Importer(815301076,1909f56bfc062723c751e8b465ee728b)
Start importing Assets/TBS Framework/Examples/Example4/UI/blue_checkmark.png using Guid(9a9216ae291e4d644a5c9a6fc6f932d2) Importer(815301076,1909f56bfc062723c751e8b465ee728b)  -> (artifact id: '684d1667072e3b6979774787a465b77e') in 0.045310 seconds 
  Import took 0.048068 seconds .

========================================================================
Received Import Request.
  Time since last request: 0.000298 seconds.
  path: Assets/TBS Framework/Examples/Example4/UI/blue_circle.png
  artifactKey: Guid(ed32415285c3d0049b5fdcf6b1644601) Importer(815301076,1909f56bfc062723c751e8b465ee728b)
Start importing Assets/TBS Framework/Examples/Example4/UI/blue_circle.png using Guid(ed32415285c3d0049b5fdcf6b1644601) Importer(815301076,1909f56bfc062723c751e8b465ee728b)  -> (artifact id: 'be4cd4f5641d06cd2d94755c28d4710e') in 0.027916 seconds 
  Import took 0.030916 seconds .

========================================================================
Received Import Request.
  Time since last request: 0.008735 seconds.
  path: Assets/TBS Framework/Examples/Example4/UI/blue_cross.png
  artifactKey: Guid(dc9be9c114ff53540bb5d2c07ca12d41) Importer(815301076,1909f56bfc062723c751e8b465ee728b)
Start importing Assets/TBS Framework/Examples/Example4/UI/blue_cross.png using Guid(dc9be9c114ff53540bb5d2c07ca12d41) Importer(815301076,1909f56bfc062723c751e8b465ee728b)  -> (artifact id: '084dff5d9d70282dbeecf4a128d1a23c') in 0.042737 seconds 
  Import took 0.046235 seconds .

========================================================================
Received Import Request.
  Time since last request: 0.000170 seconds.
  path: Assets/TBS Framework/Examples/Example4/UI/blue_panel.png
  artifactKey: Guid(71a9ce50b1bd3f54d8a22865031280c0) Importer(815301076,1909f56bfc062723c751e8b465ee728b)
Start importing Assets/TBS Framework/Examples/Example4/UI/blue_panel.png using Guid(71a9ce50b1bd3f54d8a22865031280c0) Importer(815301076,1909f56bfc062723c751e8b465ee728b)  -> (artifact id: 'efbf98be5f5432bc6d06ffb975f1c72e') in 0.047719 seconds 
  Import took 0.050540 seconds .

========================================================================
Received Import Request.
  Time since last request: 0.000198 seconds.
  path: Assets/TBS Framework/Examples/Example4/UI/blue_sliderDown.png
  artifactKey: Guid(3f4ac482becc3ba489be5b7ede0b6f2c) Importer(815301076,1909f56bfc062723c751e8b465ee728b)
Start importing Assets/TBS Framework/Examples/Example4/UI/blue_sliderDown.png using Guid(3f4ac482becc3ba489be5b7ede0b6f2c) Importer(815301076,1909f56bfc062723c751e8b465ee728b)  -> (artifact id: '834ab01750d519214465f10bd0f93557') in 0.033009 seconds 
  Import took 0.035756 seconds .

========================================================================
Received Import Request.
  Time since last request: 0.135360 seconds.
  path: Assets/TBS Framework/Examples/Example4/UI/blue_sliderLeft.png
  artifactKey: Guid(85af7d2c66a18c4439885cf227cea14a) Importer(815301076,1909f56bfc062723c751e8b465ee728b)
Start importing Assets/TBS Framework/Examples/Example4/UI/blue_sliderLeft.png using Guid(85af7d2c66a18c4439885cf227cea14a) Importer(815301076,1909f56bfc062723c751e8b465ee728b)  -> (artifact id: '962b762592034ae53c2123b41258dd61') in 0.129196 seconds 
  Import took 0.134514 seconds .

========================================================================
Received Import Request.
  Time since last request: 0.000464 seconds.
  path: Assets/TBS Framework/Examples/Example4/UI/blue_sliderRight.png
  artifactKey: Guid(2d4f02b56ce84c8408a5d869c3f541be) Importer(815301076,1909f56bfc062723c751e8b465ee728b)
Start importing Assets/TBS Framework/Examples/Example4/UI/blue_sliderRight.png using Guid(2d4f02b56ce84c8408a5d869c3f541be) Importer(815301076,1909f56bfc062723c751e8b465ee728b)  -> (artifact id: '5ce795b7126c5d5d2f23d2d9d610b7fd') in 0.067212 seconds 
  Import took 0.079098 seconds .

========================================================================
Received Import Request.
  Time since last request: 1.314801 seconds.
  path: Assets/TBS Framework/Examples/Example4/Sprites/colored.png
  artifactKey: Guid(6a74761d374805e4a9f35c012c393dd4) Importer(815301076,1909f56bfc062723c751e8b465ee728b)
Start importing Assets/TBS Framework/Examples/Example4/Sprites/colored.png using Guid(6a74761d374805e4a9f35c012c393dd4) Importer(815301076,1909f56bfc062723c751e8b465ee728b)  -> (artifact id: 'b07d52696122feac9425d7b0e27f1512') in 2.293221 seconds 
  Import took 2.306237 seconds .

========================================================================
Received Import Request.
  Time since last request: 0.000462 seconds.
  path: Assets/TBS Framework/Examples/Example4/Sprites/colored_transparent.png
  artifactKey: Guid(28863ab14f70f7a498671d4563f90ecc) Importer(815301076,1909f56bfc062723c751e8b465ee728b)
Start importing Assets/TBS Framework/Examples/Example4/Sprites/colored_transparent.png using Guid(28863ab14f70f7a498671d4563f90ecc) Importer(815301076,1909f56bfc062723c751e8b465ee728b)  -> (artifact id: '46cf1fd91c1b325b8f6156fabfbf30d6') in 2.774100 seconds 
  Import took 2.790942 seconds .

========================================================================
Received Import Request.
  Time since last request: 0.000493 seconds.
  path: Assets/TBS Framework/Examples/Example4/Sprites/TileMask.png
  artifactKey: Guid(0066bab3ce80cac4c9d1848c6bda513d) Importer(815301076,1909f56bfc062723c751e8b465ee728b)
Start importing Assets/TBS Framework/Examples/Example4/Sprites/TileMask.png using Guid(0066bab3ce80cac4c9d1848c6bda513d) Importer(815301076,1909f56bfc062723c751e8b465ee728b)  -> (artifact id: 'cfb23ee6d1553ddac891213bb840d45a') in 0.202010 seconds 
  Import took 0.206917 seconds .

========================================================================
Received Import Request.
  Time since last request: 0.130894 seconds.
  path: Assets/TBS Framework/Examples/Example4/Scripts/AdvWrsUnit.cs
  artifactKey: Guid(2e53257cc58886e4992a962bd3be4816) Importer(815301076,1909f56bfc062723c751e8b465ee728b)
Start importing Assets/TBS Framework/Examples/Example4/Scripts/AdvWrsUnit.cs using Guid(2e53257cc58886e4992a962bd3be4816) Importer(815301076,1909f56bfc062723c751e8b465ee728b)  -> (artifact id: '08d6f42527debd885b32862ccdfe8519') in 0.084199 seconds 
  Import took 0.098769 seconds .

========================================================================
Received Import Request.
  Time since last request: 0.419240 seconds.
  path: Assets/TBS Framework/Examples/Example4/Scripts/AdvWrsUnitSelection.cs
  artifactKey: Guid(09c90ecfaa4d2b84c894db9816c22c54) Importer(815301076,1909f56bfc062723c751e8b465ee728b)
Start importing Assets/TBS Framework/Examples/Example4/Scripts/AdvWrsUnitSelection.cs using Guid(09c90ecfaa4d2b84c894db9816c22c54) Importer(815301076,1909f56bfc062723c751e8b465ee728b)  -> (artifact id: 'c938783eb55bab7c245b0bd3c5f50b74') in 0.032134 seconds 
  Import took 0.037150 seconds .

========================================================================
Received Import Request.
  Time since last request: 3.515099 seconds.
  path: Assets/TBS Framework/Examples/Example4/Scripts/CaptureProtectionEvaluator.cs
  artifactKey: Guid(76d8a8a62818eb14d9c005da779b8379) Importer(815301076,1909f56bfc062723c751e8b465ee728b)
Start importing Assets/TBS Framework/Examples/Example4/Scripts/CaptureProtectionEvaluator.cs using Guid(76d8a8a62818eb14d9c005da779b8379) Importer(815301076,1909f56bfc062723c751e8b465ee728b)  -> (artifact id: '14cbae10debb93f596be37854d235979') in 0.069343 seconds 
  Import took 0.085771 seconds .

========================================================================
Received Import Request.
  Time since last request: 208.227110 seconds.
  path: Assets/Scenes/SampleScene.unity
  artifactKey: Guid(9fc0d4010bbf28b4594072e72b8655ab) Importer(815301076,1909f56bfc062723c751e8b465ee728b)
Start importing Assets/Scenes/SampleScene.unity using Guid(9fc0d4010bbf28b4594072e72b8655ab) Importer(815301076,1909f56bfc062723c751e8b465ee728b)  -> (artifact id: '85059f4f9e1a832ed95adaa0d25c5c4c') in 0.032955 seconds 
  Import took 0.039308 seconds .

========================================================================
Received Import Request.
  Time since last request: 12.608067 seconds.
  path: Assets/Scenes/TestScene.unity
  artifactKey: Guid(9fc0d4010bbf28b4594072e72b8655ab) Importer(815301076,1909f56bfc062723c751e8b465ee728b)
Start importing Assets/Scenes/TestScene.unity using Guid(9fc0d4010bbf28b4594072e72b8655ab) Importer(815301076,1909f56bfc062723c751e8b465ee728b)  -> (artifact id: '7413b4377e59d6f4dee44f718c0cd3b4') in 0.009995 seconds 
  Import took 0.013583 seconds .

========================================================================
Received Import Request.
  Time since last request: 84.565485 seconds.
  path: Assets
  artifactKey: Guid(00000000000000001000000000000000) Importer(815301076,1909f56bfc062723c751e8b465ee728b)
Start importing Assets using Guid(00000000000000001000000000000000) Importer(815301076,1909f56bfc062723c751e8b465ee728b)  -> (artifact id: '42d402b061de3733987d63b9cc3b64de') in 0.059627 seconds 
  Import took 0.065778 seconds .

========================================================================
Received Import Request.
  Time since last request: 11.899689 seconds.
  path: Assets/Scripts
  artifactKey: Guid(2bb6b83e4cc737b499fc477c27464796) Importer(815301076,1909f56bfc062723c751e8b465ee728b)
Start importing Assets/Scripts using Guid(2bb6b83e4cc737b499fc477c27464796) Importer(815301076,1909f56bfc062723c751e8b465ee728b)  -> (artifact id: 'a9875d95cf81ff59ebf34c4d24092073') in 0.002446 seconds 
  Import took 0.006095 seconds .

========================================================================
Received Import Request.
  Time since last request: 17.108823 seconds.
  path: Assets/Scripts/SquareCell.cs
  artifactKey: Guid(80adfa69e18ac4f4d9854a5bd5c3c933) Importer(815301076,1909f56bfc062723c751e8b465ee728b)
Start importing Assets/Scripts/SquareCell.cs using Guid(80adfa69e18ac4f4d9854a5bd5c3c933) Importer(815301076,1909f56bfc062723c751e8b465ee728b)  -> (artifact id: '6da9c967fd244210ac3b68af6bac2ebf') in 0.007006 seconds 
  Import took 0.011543 seconds .

========================================================================
Received Prepare
Registering precompiled user dll's ...
Registered in 0.117106 seconds.
Begin MonoManager ReloadAssembly
Native extension for WindowsStandalone target not found
Refreshing native plugins compatible for Editor in 0.50 ms, found 2 plugins.
Preloading 0 native plugins for Editor in 0.00 ms.
Mono: successfully reloaded assembly
- Completed reload, in  1.687 seconds
Domain Reload Profiling:
	ReloadAssembly (1692ms)
		BeginReloadAssembly (527ms)
			ExecutionOrderSort (1ms)
			DisableScriptedObjects (39ms)
			BackupInstance (0ms)
			ReleaseScriptingObjects (0ms)
			CreateAndSetChildDomain (335ms)
		EndReloadAssembly (1081ms)
			LoadAssemblies (151ms)
			RebuildTransferFunctionScriptingTraits (0ms)
			SetupTypeCache (402ms)
			ReleaseScriptCaches (1ms)
			RebuildScriptCaches (57ms)
			SetupLoadedEditorAssemblies (358ms)
				LogAssemblyErrors (0ms)
				InitializePlatformSupportModulesInManaged (6ms)
				SetLoadedEditorAssemblies (1ms)
				RefreshPlugins (1ms)
				BeforeProcessingInitializeOnLoad (90ms)
				ProcessInitializeOnLoadAttributes (245ms)
				ProcessInitializeOnLoadMethodAttributes (12ms)
				AfterProcessingInitializeOnLoad (3ms)
				EditorAssembliesLoaded (0ms)
			ExecutionOrderSort2 (0ms)
			AwakeInstancesAfterBackupRestoration (9ms)
Platform modules already initialized, skipping
Refreshing native plugins compatible for Editor in 0.43 ms, found 2 plugins.
Preloading 0 native plugins for Editor in 0.00 ms.
Unloading 1638 Unused Serialized files (Serialized files now loaded: 0)
System memory in use before: 76.9 MB.
System memory in use after: 77.0 MB.

Unloading 15 unused Assets to reduce memory usage. Loaded Objects now: 2146.
Total: 3.244200 ms (FindLiveObjects: 0.140800 ms CreateObjectMapping: 0.065100 ms MarkObjects: 2.950400 ms  DeleteObjects: 0.086500 ms)

AssetImportParameters requested are different than current active one (requested -> active):
  custom:framework-win-MediaFoundation: 216162199b28c13a410421893ffa2e32 -> 
  custom:video-decoder-ogg-theora: a1e56fd34408186e4bbccfd4996cb3dc -> 
  custom:container-muxer-webm: aa71ff27fc2769a1b78a27578f13a17b -> 
  custom:container-demuxer-webm: 4f35f7cbe854078d1ac9338744f61a02 -> 
  custom:container-demuxer-ogg: 62fdf1f143b41e24485cea50d1cbac27 -> 
  custom:video-encoder-webm-vp8: eb34c28f22e8b96e1ab97ce403110664 -> 
  custom:video-decoder-webm-vp8: 9c59270c3fd7afecdb556c50c9e8de78 -> 
  custom:audio-decoder-ogg-vorbis: bf7c407c2cedff20999df2af8eb42d56 -> 
  custom:audio-encoder-webm-vorbis: bf7c407c2cedff20999df2af8eb42d56 -> 
========================================================================
Received Import Request.
  Time since last request: 493.527201 seconds.
  path: Assets/Scripts/SquareCell.cs
  artifactKey: Guid(80adfa69e18ac4f4d9854a5bd5c3c933) Importer(815301076,1909f56bfc062723c751e8b465ee728b)
Start importing Assets/Scripts/SquareCell.cs using Guid(80adfa69e18ac4f4d9854a5bd5c3c933) Importer(815301076,1909f56bfc062723c751e8b465ee728b)  -> (artifact id: '2bebd37d8ef855a0e019fa7faf4c71c8') in 0.018747 seconds 
  Import took 0.022707 seconds .

========================================================================
Received Import Request.
  Time since last request: 127.678668 seconds.
  path: Assets/CubeCell.prefab
  artifactKey: Guid(a48d0e8e7b42e1545b42f669855ff49b) Importer(815301076,1909f56bfc062723c751e8b465ee728b)
Start importing Assets/CubeCell.prefab using Guid(a48d0e8e7b42e1545b42f669855ff49b) Importer(815301076,1909f56bfc062723c751e8b465ee728b)  -> (artifact id: '22393f6c77ea4ea517f17ef1024d307c') in 0.088434 seconds 
  Import took 0.104412 seconds .

========================================================================
Received Import Request.
  Time since last request: 41.583454 seconds.
  path: Assets/Scenes
  artifactKey: Guid(e76ba9632b8228247be78574a687ee5d) Importer(815301076,1909f56bfc062723c751e8b465ee728b)
Start importing Assets/Scenes using Guid(e76ba9632b8228247be78574a687ee5d) Importer(815301076,1909f56bfc062723c751e8b465ee728b)  -> (artifact id: '1d7827b8e8bccec4c48f68f57e24e2ef') in 0.022461 seconds 
  Import took 0.026078 seconds .

========================================================================
Received Import Request.
  Time since last request: 12.814015 seconds.
  path: ProjectSettings/TagManager.asset
  artifactKey: Guid(00000000000000003000000000000000) Importer(815301076,1909f56bfc062723c751e8b465ee728b)
Start importing ProjectSettings/TagManager.asset using Guid(00000000000000003000000000000000) Importer(815301076,1909f56bfc062723c751e8b465ee728b)  -> (artifact id: 'ce6a35c3cddc746e7501c0bd0ed6d4ce') in 0.021922 seconds 
  Import took 0.041615 seconds .

========================================================================
Received Import Request.
  Time since last request: 36.481673 seconds.
  path: Assets/TBS Framework/Examples/Example1
  artifactKey: Guid(2556dfd83934fda4691196e176fd9247) Importer(815301076,1909f56bfc062723c751e8b465ee728b)
Start importing Assets/TBS Framework/Examples/Example1 using Guid(2556dfd83934fda4691196e176fd9247) Importer(815301076,1909f56bfc062723c751e8b465ee728b)  -> (artifact id: '67eafda7522b2e3b3db254810d35f787') in 0.010806 seconds 
  Import took 0.028255 seconds .

========================================================================
Received Import Request.
  Time since last request: 2.610234 seconds.
  path: Assets/TBS Framework/Examples/Example1/Prefabs
  artifactKey: Guid(2c0ee58898f212b4ea8a52d6842d3d8e) Importer(815301076,1909f56bfc062723c751e8b465ee728b)
Start importing Assets/TBS Framework/Examples/Example1/Prefabs using Guid(2c0ee58898f212b4ea8a52d6842d3d8e) Importer(815301076,1909f56bfc062723c751e8b465ee728b)  -> (artifact id: '8ba32bf7c8c2c768cb7fe9b487dc555a') in 0.096432 seconds 
  Import took 0.112190 seconds .

========================================================================
Received Import Request.
  Time since last request: 0.876521 seconds.
  path: Assets/TBS Framework/Examples/Example1/Prefabs/Cell
  artifactKey: Guid(7900119b7137913449839b84994c14cf) Importer(815301076,1909f56bfc062723c751e8b465ee728b)
Start importing Assets/TBS Framework/Examples/Example1/Prefabs/Cell using Guid(7900119b7137913449839b84994c14cf) Importer(815301076,1909f56bfc062723c751e8b465ee728b)  -> (artifact id: 'e0236027d992965b5ad9d28cb66bcb8c') in 0.009511 seconds 
  Import took 0.956124 seconds .

========================================================================
Received Import Request.
  Time since last request: 0.000473 seconds.
  path: Assets/TBS Framework/Examples/Example1/Prefabs/Cell/ForestHexagon.prefab
  artifactKey: Guid(46a57576dc5110345985fdc9771baa16) Importer(815301076,1909f56bfc062723c751e8b465ee728b)
Start importing Assets/TBS Framework/Examples/Example1/Prefabs/Cell/ForestHexagon.prefab using Guid(46a57576dc5110345985fdc9771baa16) Importer(815301076,1909f56bfc062723c751e8b465ee728b)  -> (artifact id: 'd9091b7895406aaffb221330307839c1') in 0.110434 seconds 
  Import took 0.116487 seconds .

========================================================================
Received Import Request.
  Time since last request: 0.000296 seconds.
  path: Assets/TBS Framework/Examples/Example1/Prefabs/Cell/Hexagon.prefab
  artifactKey: Guid(dcb1fc8de526cbe4f9176ce441803bb6) Importer(815301076,1909f56bfc062723c751e8b465ee728b)
Start importing Assets/TBS Framework/Examples/Example1/Prefabs/Cell/Hexagon.prefab using Guid(dcb1fc8de526cbe4f9176ce441803bb6) Importer(815301076,1909f56bfc062723c751e8b465ee728b)  -> (artifact id: 'e62fea5c30c7335949b012f0dd301246') in 0.034361 seconds 
  Import took 0.038879 seconds .

========================================================================
Received Import Request.
  Time since last request: 0.000310 seconds.
  path: Assets/TBS Framework/Examples/Example1/Prefabs/Cell/RoughHexagon.prefab
  artifactKey: Guid(3516bee96ae643f45bbf1eb8460adcf4) Importer(815301076,1909f56bfc062723c751e8b465ee728b)
Start importing Assets/TBS Framework/Examples/Example1/Prefabs/Cell/RoughHexagon.prefab using Guid(3516bee96ae643f45bbf1eb8460adcf4) Importer(815301076,1909f56bfc062723c751e8b465ee728b)  -> (artifact id: '62401410da6d611c1ecf0ce9864c6bee') in 0.051625 seconds 
  Import took 0.056706 seconds .

========================================================================
Received Import Request.
  Time since last request: 3.071995 seconds.
  path: Assets/TBS Framework/Examples/Example4
  artifactKey: Guid(3c079a0aa21b63740be2d24251748c65) Importer(815301076,1909f56bfc062723c751e8b465ee728b)
Start importing Assets/TBS Framework/Examples/Example4 using Guid(3c079a0aa21b63740be2d24251748c65) Importer(815301076,1909f56bfc062723c751e8b465ee728b)  -> (artifact id: '4c752aa729287e2878367f8550693c2c') in 0.008181 seconds 
  Import took 0.012488 seconds .

========================================================================
Received Import Request.
  Time since last request: 2.118281 seconds.
  path: Assets/TBS Framework/Examples/Example4/Prefabs/Cells
  artifactKey: Guid(115b72c0f07048e4c989c6c6691c707f) Importer(815301076,1909f56bfc062723c751e8b465ee728b)
Start importing Assets/TBS Framework/Examples/Example4/Prefabs/Cells using Guid(115b72c0f07048e4c989c6c6691c707f) Importer(815301076,1909f56bfc062723c751e8b465ee728b)  -> (artifact id: '86706b4c141fed4cae660b93ffa8d5d4') in 0.009242 seconds 
  Import took 0.012517 seconds .

========================================================================
Received Import Request.
  Time since last request: 0.024551 seconds.
  path: Assets/TBS Framework/Examples/Example4/Prefabs/Cells/colored_0.prefab
  artifactKey: Guid(e9aaa9bba13446a41a42c90756b7a89e) Importer(815301076,1909f56bfc062723c751e8b465ee728b)
Start importing Assets/TBS Framework/Examples/Example4/Prefabs/Cells/colored_0.prefab using Guid(e9aaa9bba13446a41a42c90756b7a89e) Importer(815301076,1909f56bfc062723c751e8b465ee728b)  -> (artifact id: '78a4b5b39bee136ad5ebe5e337033e12') in 0.212223 seconds 
  Import took 0.228085 seconds .

========================================================================
Received Import Request.
  Time since last request: 0.000322 seconds.
  path: Assets/TBS Framework/Examples/Example4/Prefabs/Cells/colored_8.prefab
  artifactKey: Guid(72798f707a3325b419ddef58dfa6d29b) Importer(815301076,1909f56bfc062723c751e8b465ee728b)
Start importing Assets/TBS Framework/Examples/Example4/Prefabs/Cells/colored_8.prefab using Guid(72798f707a3325b419ddef58dfa6d29b) Importer(815301076,1909f56bfc062723c751e8b465ee728b)  -> (artifact id: '5ce7a077aab844c9938e639696de107b') in 0.027546 seconds 
  Import took 0.031218 seconds .

========================================================================
Received Import Request.
  Time since last request: 0.000295 seconds.
  path: Assets/TBS Framework/Examples/Example4/Prefabs/Cells/colored_12.prefab
  artifactKey: Guid(42127d4af7746fc4191a87eef9aee103) Importer(815301076,1909f56bfc062723c751e8b465ee728b)
Start importing Assets/TBS Framework/Examples/Example4/Prefabs/Cells/colored_12.prefab using Guid(42127d4af7746fc4191a87eef9aee103) Importer(815301076,1909f56bfc062723c751e8b465ee728b)  -> (artifact id: '9053a4a09e8567f2cba0586c10029aae') in 0.035766 seconds 
  Import took 0.046618 seconds .

========================================================================
Received Import Request.
  Time since last request: 0.000295 seconds.
  path: Assets/TBS Framework/Examples/Example4/Prefabs/Cells/colored_40 1.prefab
  artifactKey: Guid(59e64b76655a0e24db41aa38c2948baa) Importer(815301076,1909f56bfc062723c751e8b465ee728b)
Start importing Assets/TBS Framework/Examples/Example4/Prefabs/Cells/colored_40 1.prefab using Guid(59e64b76655a0e24db41aa38c2948baa) Importer(815301076,1909f56bfc062723c751e8b465ee728b)  -> (artifact id: '2b340ac21929afeea80c4044f83ab8c6') in 0.066962 seconds 
  Import took 0.070430 seconds .

========================================================================
Received Import Request.
  Time since last request: 0.000337 seconds.
  path: Assets/TBS Framework/Examples/Example4/Prefabs/Cells/colored_41 1.prefab
  artifactKey: Guid(5359d7ef1b354a04db21c2803ed953e8) Importer(815301076,1909f56bfc062723c751e8b465ee728b)
Start importing Assets/TBS Framework/Examples/Example4/Prefabs/Cells/colored_41 1.prefab using Guid(5359d7ef1b354a04db21c2803ed953e8) Importer(815301076,1909f56bfc062723c751e8b465ee728b)  -> (artifact id: '096b024d3b105ae6f571f28001fc47bf') in 0.016582 seconds 
  Import took 0.020346 seconds .

========================================================================
Received Import Request.
  Time since last request: 0.000288 seconds.
  path: Assets/TBS Framework/Examples/Example4/Prefabs/Cells/colored_34.prefab
  artifactKey: Guid(3e23fe5bf63be9a4dbf13dd1773d059c) Importer(815301076,1909f56bfc062723c751e8b465ee728b)
Start importing Assets/TBS Framework/Examples/Example4/Prefabs/Cells/colored_34.prefab using Guid(3e23fe5bf63be9a4dbf13dd1773d059c) Importer(815301076,1909f56bfc062723c751e8b465ee728b)  -> (artifact id: '62e795d43fea5acb4a95eae1f06bc4b6') in 0.019634 seconds 
  Import took 0.037234 seconds .

========================================================================
Received Import Request.
  Time since last request: 0.000267 seconds.
  path: Assets/TBS Framework/Examples/Example4/Prefabs/Cells/colored_43.prefab
  artifactKey: Guid(2c6fe4a1c938e3b44a98c50ceb7dad3b) Importer(815301076,1909f56bfc062723c751e8b465ee728b)
Start importing Assets/TBS Framework/Examples/Example4/Prefabs/Cells/colored_43.prefab using Guid(2c6fe4a1c938e3b44a98c50ceb7dad3b) Importer(815301076,1909f56bfc062723c751e8b465ee728b)  -> (artifact id: '48240070cf299353cf8db43ee8a0fbb0') in 0.017140 seconds 
  Import took 0.026387 seconds .

========================================================================
Received Import Request.
  Time since last request: 0.000282 seconds.
  path: Assets/TBS Framework/Examples/Example4/Prefabs/Cells/colored_134 1.prefab
  artifactKey: Guid(c4e97871af4a2b943becbbf465692a37) Importer(815301076,1909f56bfc062723c751e8b465ee728b)
Start importing Assets/TBS Framework/Examples/Example4/Prefabs/Cells/colored_134 1.prefab using Guid(c4e97871af4a2b943becbbf465692a37) Importer(815301076,1909f56bfc062723c751e8b465ee728b)  -> (artifact id: 'a4e09164b54b53585b9aefe1f1b336d9') in 0.015715 seconds 
  Import took 0.019198 seconds .

========================================================================
Received Import Request.
  Time since last request: 0.000292 seconds.
  path: Assets/TBS Framework/Examples/Example4/Prefabs/Cells/colored_135.prefab
  artifactKey: Guid(8dd491389c9284f45a1ba43e990107eb) Importer(815301076,1909f56bfc062723c751e8b465ee728b)
Start importing Assets/TBS Framework/Examples/Example4/Prefabs/Cells/colored_135.prefab using Guid(8dd491389c9284f45a1ba43e990107eb) Importer(815301076,1909f56bfc062723c751e8b465ee728b)  -> (artifact id: '266861a699e3f1b57ccc19b8bdbf565d') in 0.014953 seconds 
  Import took 0.018090 seconds .

========================================================================
Received Import Request.
  Time since last request: 0.000281 seconds.
  path: Assets/TBS Framework/Examples/Example4/Prefabs/Cells/colored_169 1.prefab
  artifactKey: Guid(9109c57ef7e8813488bf1901384508c0) Importer(815301076,1909f56bfc062723c751e8b465ee728b)
Start importing Assets/TBS Framework/Examples/Example4/Prefabs/Cells/colored_169 1.prefab using Guid(9109c57ef7e8813488bf1901384508c0) Importer(815301076,1909f56bfc062723c751e8b465ee728b)  -> (artifact id: 'f70d6f82c6a4b96c5bdc82ee17dcd5bf') in 0.019554 seconds 
  Import took 0.042908 seconds .

========================================================================
Received Import Request.
  Time since last request: 0.000254 seconds.
  path: Assets/TBS Framework/Examples/Example4/Prefabs/Cells/colored_44.prefab
  artifactKey: Guid(cb01e8f4c2d0e9a45a5828a6467411f7) Importer(815301076,1909f56bfc062723c751e8b465ee728b)
Start importing Assets/TBS Framework/Examples/Example4/Prefabs/Cells/colored_44.prefab using Guid(cb01e8f4c2d0e9a45a5828a6467411f7) Importer(815301076,1909f56bfc062723c751e8b465ee728b)  -> (artifact id: 'd6c2b3f02eeb0cc58271a351ea3b91bb') in 0.014127 seconds 
  Import took 0.017136 seconds .

========================================================================
Received Import Request.
  Time since last request: 0.000237 seconds.
  path: Assets/TBS Framework/Examples/Example4/Prefabs/Cells/colored_169.prefab
  artifactKey: Guid(3345ff7a5893e984ba6824e720d381a2) Importer(815301076,1909f56bfc062723c751e8b465ee728b)
Start importing Assets/TBS Framework/Examples/Example4/Prefabs/Cells/colored_169.prefab using Guid(3345ff7a5893e984ba6824e720d381a2) Importer(815301076,1909f56bfc062723c751e8b465ee728b)  -> (artifact id: 'cd7da2d0da5627550d4dcd5b7f26cc20') in 0.018134 seconds 
  Import took 0.021358 seconds .

========================================================================
Received Import Request.
  Time since last request: 0.000326 seconds.
  path: Assets/TBS Framework/Examples/Example4/Prefabs/Cells/colored_170 3.prefab
  artifactKey: Guid(27924d8b9ad8aa744a30c36945c5f27f) Importer(815301076,1909f56bfc062723c751e8b465ee728b)
Start importing Assets/TBS Framework/Examples/Example4/Prefabs/Cells/colored_170 3.prefab using Guid(27924d8b9ad8aa744a30c36945c5f27f) Importer(815301076,1909f56bfc062723c751e8b465ee728b)  -> (artifact id: '0e831892324b6617be3f3a025b2d5707') in 0.023250 seconds 
  Import took 0.026997 seconds .

========================================================================
Received Import Request.
  Time since last request: 0.000262 seconds.
  path: Assets/TBS Framework/Examples/Example4/Prefabs/Cells/colored_168.prefab
  artifactKey: Guid(a7036cc832e334c4c8cdb6d4b6b99a22) Importer(815301076,1909f56bfc062723c751e8b465ee728b)
Start importing Assets/TBS Framework/Examples/Example4/Prefabs/Cells/colored_168.prefab using Guid(a7036cc832e334c4c8cdb6d4b6b99a22) Importer(815301076,1909f56bfc062723c751e8b465ee728b)  -> (artifact id: 'fcbf9791685e084ed691ff831c2dde59') in 0.021592 seconds 
  Import took 0.025639 seconds .

========================================================================
Received Import Request.
  Time since last request: 0.000248 seconds.
  path: Assets/TBS Framework/Examples/Example4/Prefabs/Cells/colored_9.prefab
  artifactKey: Guid(eb198d302c77a7c48a0ff38a2b841456) Importer(815301076,1909f56bfc062723c751e8b465ee728b)
Start importing Assets/TBS Framework/Examples/Example4/Prefabs/Cells/colored_9.prefab using Guid(eb198d302c77a7c48a0ff38a2b841456) Importer(815301076,1909f56bfc062723c751e8b465ee728b)  -> (artifact id: '2cab9cf669aa312d1c013428a1bdb993') in 0.022860 seconds 
  Import took 0.026901 seconds .

========================================================================
Received Import Request.
  Time since last request: 0.000186 seconds.
  path: Assets/TBS Framework/Examples/Example4/Prefabs/Cells/colored_40.prefab
  artifactKey: Guid(bba8513ae6390a34cb0a918fd0327a2d) Importer(815301076,1909f56bfc062723c751e8b465ee728b)
Start importing Assets/TBS Framework/Examples/Example4/Prefabs/Cells/colored_40.prefab using Guid(bba8513ae6390a34cb0a918fd0327a2d) Importer(815301076,1909f56bfc062723c751e8b465ee728b)  -> (artifact id: '5e05f1943a52953fbdb14eb648ff4580') in 0.018410 seconds 
  Import took 0.021829 seconds .

========================================================================
Received Import Request.
  Time since last request: 0.000184 seconds.
  path: Assets/TBS Framework/Examples/Example4/Prefabs/Cells/colored_41 3.prefab
  artifactKey: Guid(a17e5ada4d65722458f8175e7578e495) Importer(815301076,1909f56bfc062723c751e8b465ee728b)
Start importing Assets/TBS Framework/Examples/Example4/Prefabs/Cells/colored_41 3.prefab using Guid(a17e5ada4d65722458f8175e7578e495) Importer(815301076,1909f56bfc062723c751e8b465ee728b)  -> (artifact id: '8d7926a6d280f3674d4cad3541880225') in 0.020863 seconds 
  Import took 0.024294 seconds .

========================================================================
Received Import Request.
  Time since last request: 0.000208 seconds.
  path: Assets/TBS Framework/Examples/Example4/Prefabs/Cells/colored_10.prefab
  artifactKey: Guid(a7f9160460dff0c4581fae417e323ea8) Importer(815301076,1909f56bfc062723c751e8b465ee728b)
Start importing Assets/TBS Framework/Examples/Example4/Prefabs/Cells/colored_10.prefab using Guid(a7f9160460dff0c4581fae417e323ea8) Importer(815301076,1909f56bfc062723c751e8b465ee728b)  -> (artifact id: '1c3af66d1e46befe393b926dd3c0fc4e') in 0.020439 seconds 
  Import took 0.024578 seconds .

========================================================================
Received Import Request.
  Time since last request: 0.000195 seconds.
  path: Assets/TBS Framework/Examples/Example4/Prefabs/Cells/colored_11.prefab
  artifactKey: Guid(ba6131dba3aafa349bad1bd38916c27c) Importer(815301076,1909f56bfc062723c751e8b465ee728b)
Start importing Assets/TBS Framework/Examples/Example4/Prefabs/Cells/colored_11.prefab using Guid(ba6131dba3aafa349bad1bd38916c27c) Importer(815301076,1909f56bfc062723c751e8b465ee728b)  -> (artifact id: '4a670dfdc9f37378da1c32db0293a62d') in 0.022234 seconds 
  Import took 0.133940 seconds .

========================================================================
Received Import Request.
  Time since last request: 0.000390 seconds.
  path: Assets/TBS Framework/Examples/Example4/Prefabs/Cells/colored_33.prefab
  artifactKey: Guid(28adb7b87a5b3c84899ca0d4fb4c0c82) Importer(815301076,1909f56bfc062723c751e8b465ee728b)
Start importing Assets/TBS Framework/Examples/Example4/Prefabs/Cells/colored_33.prefab using Guid(28adb7b87a5b3c84899ca0d4fb4c0c82) Importer(815301076,1909f56bfc062723c751e8b465ee728b)  -> (artifact id: '60f263bb03729fbf47a53aab525c2fbb') in 0.323522 seconds 
  Import took 0.327321 seconds .

========================================================================
Received Import Request.
  Time since last request: 0.000589 seconds.
  path: Assets/TBS Framework/Examples/Example4/Prefabs/Cells/colored_41 2.prefab
  artifactKey: Guid(68e72903cd25a9c4498850236098c27e) Importer(815301076,1909f56bfc062723c751e8b465ee728b)
Start importing Assets/TBS Framework/Examples/Example4/Prefabs/Cells/colored_41 2.prefab using Guid(68e72903cd25a9c4498850236098c27e) Importer(815301076,1909f56bfc062723c751e8b465ee728b)  -> (artifact id: 'f2d5f2d61cc18c84e81ec44343bf12ec') in 0.022774 seconds 
  Import took 0.026996 seconds .

========================================================================
Received Import Request.
  Time since last request: 0.000269 seconds.
  path: Assets/TBS Framework/Examples/Example4/Prefabs/Cells/colored_169 3.prefab
  artifactKey: Guid(874eaecf1ae8fe148a6f440ecc22c17d) Importer(815301076,1909f56bfc062723c751e8b465ee728b)
Start importing Assets/TBS Framework/Examples/Example4/Prefabs/Cells/colored_169 3.prefab using Guid(874eaecf1ae8fe148a6f440ecc22c17d) Importer(815301076,1909f56bfc062723c751e8b465ee728b)  -> (artifact id: '1905fe16785f1333c372eac56ebb4ca4') in 0.020574 seconds 
  Import took 0.023766 seconds .

========================================================================
Received Import Request.
  Time since last request: 0.000298 seconds.
  path: Assets/TBS Framework/Examples/Example4/Prefabs/Cells/colored_42.prefab
  artifactKey: Guid(69aaf843345622046af5314c53f89952) Importer(815301076,1909f56bfc062723c751e8b465ee728b)
Start importing Assets/TBS Framework/Examples/Example4/Prefabs/Cells/colored_42.prefab using Guid(69aaf843345622046af5314c53f89952) Importer(815301076,1909f56bfc062723c751e8b465ee728b)  -> (artifact id: '4cca4348781c0e98e7299215604b569e') in 0.018090 seconds 
  Import took 0.021936 seconds .

========================================================================
Received Import Request.
  Time since last request: 0.000237 seconds.
  path: Assets/TBS Framework/Examples/Example4/Prefabs/Cells/colored_69.prefab
  artifactKey: Guid(65a5fb968fca6574eba0afc56979826a) Importer(815301076,1909f56bfc062723c751e8b465ee728b)
Start importing Assets/TBS Framework/Examples/Example4/Prefabs/Cells/colored_69.prefab using Guid(65a5fb968fca6574eba0afc56979826a) Importer(815301076,1909f56bfc062723c751e8b465ee728b)  -> (artifact id: 'edb3753a83865d03b6890b739e5afd34') in 0.016764 seconds 
  Import took 0.020099 seconds .

========================================================================
Received Import Request.
  Time since last request: 0.000192 seconds.
  path: Assets/TBS Framework/Examples/Example4/Prefabs/Cells/colored_169 2.prefab
  artifactKey: Guid(0a5213c8dba4cc548b1961c61baaa880) Importer(815301076,1909f56bfc062723c751e8b465ee728b)
Start importing Assets/TBS Framework/Examples/Example4/Prefabs/Cells/colored_169 2.prefab using Guid(0a5213c8dba4cc548b1961c61baaa880) Importer(815301076,1909f56bfc062723c751e8b465ee728b)  -> (artifact id: '5a81997cca4eef64d466757914f89370') in 0.018158 seconds 
  Import took 0.034167 seconds .

========================================================================
Received Import Request.
  Time since last request: 0.000188 seconds.
  path: Assets/TBS Framework/Examples/Example4/Prefabs/Cells/colored_134.prefab
  artifactKey: Guid(9ea84eb85de687f49a7098203466a5c8) Importer(815301076,1909f56bfc062723c751e8b465ee728b)
Start importing Assets/TBS Framework/Examples/Example4/Prefabs/Cells/colored_134.prefab using Guid(9ea84eb85de687f49a7098203466a5c8) Importer(815301076,1909f56bfc062723c751e8b465ee728b)  -> (artifact id: 'd51c5ab124eff1f3671e14dce2384032') in 0.018501 seconds 
  Import took 0.022173 seconds .

========================================================================
Received Import Request.
  Time since last request: 0.000203 seconds.
  path: Assets/TBS Framework/Examples/Example4/Prefabs/Cells/colored_170 2.prefab
  artifactKey: Guid(30b094bac6353054c957fc4321e68be5) Importer(815301076,1909f56bfc062723c751e8b465ee728b)
Start importing Assets/TBS Framework/Examples/Example4/Prefabs/Cells/colored_170 2.prefab using Guid(30b094bac6353054c957fc4321e68be5) Importer(815301076,1909f56bfc062723c751e8b465ee728b)  -> (artifact id: '8dd3b62a85bb8f282b1db962a51708ae') in 0.022078 seconds 
  Import took 0.026285 seconds .

========================================================================
Received Import Request.
  Time since last request: 0.000183 seconds.
  path: Assets/TBS Framework/Examples/Example4/Prefabs/Cells/colored_170 1.prefab
  artifactKey: Guid(e19e9a818e91474488d4e4f5f2123a64) Importer(815301076,1909f56bfc062723c751e8b465ee728b)
Start importing Assets/TBS Framework/Examples/Example4/Prefabs/Cells/colored_170 1.prefab using Guid(e19e9a818e91474488d4e4f5f2123a64) Importer(815301076,1909f56bfc062723c751e8b465ee728b)  -> (artifact id: '407372a4ef17c4b4de33c1ed8f29a212') in 0.017524 seconds 
  Import took 0.020596 seconds .

========================================================================
Received Import Request.
  Time since last request: 0.000307 seconds.
  path: Assets/TBS Framework/Examples/Example4/Prefabs/Cells/colored_41.prefab
  artifactKey: Guid(fdcd56beb3961d948bb69bf3bfa993aa) Importer(815301076,1909f56bfc062723c751e8b465ee728b)
Start importing Assets/TBS Framework/Examples/Example4/Prefabs/Cells/colored_41.prefab using Guid(fdcd56beb3961d948bb69bf3bfa993aa) Importer(815301076,1909f56bfc062723c751e8b465ee728b)  -> (artifact id: '0243b23e4c87e1f117d5a58cb0231223') in 0.018028 seconds 
  Import took 0.024342 seconds .

========================================================================
Received Import Request.
  Time since last request: 0.612335 seconds.
  path: Assets/TBS Framework/Examples/Example4/Prefabs/Cells/colored_170.prefab
  artifactKey: Guid(8e563142132236c4fa04d4083b898602) Importer(815301076,1909f56bfc062723c751e8b465ee728b)
Start importing Assets/TBS Framework/Examples/Example4/Prefabs/Cells/colored_170.prefab using Guid(8e563142132236c4fa04d4083b898602) Importer(815301076,1909f56bfc062723c751e8b465ee728b)  -> (artifact id: '38705ab77639181691a787d167d4671d') in 0.148668 seconds 
  Import took 0.170188 seconds .

========================================================================
Received Import Request.
  Time since last request: 0.000564 seconds.
  path: Assets/TBS Framework/Examples/Example4/Prefabs/Cells/colored_172 1.prefab
  artifactKey: Guid(d9964e70685afa94ab17bbaa4385fc16) Importer(815301076,1909f56bfc062723c751e8b465ee728b)
Start importing Assets/TBS Framework/Examples/Example4/Prefabs/Cells/colored_172 1.prefab using Guid(d9964e70685afa94ab17bbaa4385fc16) Importer(815301076,1909f56bfc062723c751e8b465ee728b)  -> (artifact id: '8ec11dffc740d1f7714c30e37d39e2a8') in 0.022677 seconds 
  Import took 0.032205 seconds .

========================================================================
Received Import Request.
  Time since last request: 0.000337 seconds.
  path: Assets/TBS Framework/Examples/Example4/Prefabs/Cells/colored_613.prefab
  artifactKey: Guid(068d58e7595aad442a160a96b1468331) Importer(815301076,1909f56bfc062723c751e8b465ee728b)
Start importing Assets/TBS Framework/Examples/Example4/Prefabs/Cells/colored_613.prefab using Guid(068d58e7595aad442a160a96b1468331) Importer(815301076,1909f56bfc062723c751e8b465ee728b)  -> (artifact id: '00ad7eab2136fcd8b017834e0c1c1f89') in 0.017693 seconds 
  Import took 0.021459 seconds .

========================================================================
Received Import Request.
  Time since last request: 0.000247 seconds.
  path: Assets/TBS Framework/Examples/Example4/Prefabs/Cells/colored_616.prefab
  artifactKey: Guid(c7e777722c4f76a44b50223af8adf531) Importer(815301076,1909f56bfc062723c751e8b465ee728b)
Start importing Assets/TBS Framework/Examples/Example4/Prefabs/Cells/colored_616.prefab using Guid(c7e777722c4f76a44b50223af8adf531) Importer(815301076,1909f56bfc062723c751e8b465ee728b)  -> (artifact id: '850382c0043ff5bcd127fef52ee800ab') in 0.023933 seconds 
  Import took 0.027616 seconds .

========================================================================
Received Import Request.
  Time since last request: 0.000109 seconds.
  path: Assets/TBS Framework/Examples/Example4/Prefabs/Cells/colored_644.prefab
  artifactKey: Guid(07a618c0a01799443b11a19d9bf1e0e2) Importer(815301076,1909f56bfc062723c751e8b465ee728b)
Start importing Assets/TBS Framework/Examples/Example4/Prefabs/Cells/colored_644.prefab using Guid(07a618c0a01799443b11a19d9bf1e0e2) Importer(815301076,1909f56bfc062723c751e8b465ee728b)  -> (artifact id: 'a0f90e3f3099dc1df645324560242611') in 0.016726 seconds 
  Import took 0.020192 seconds .

========================================================================
Received Import Request.
  Time since last request: 0.000216 seconds.
  path: Assets/TBS Framework/Examples/Example4/Prefabs/Cells/colored_615.prefab
  artifactKey: Guid(8e2f1df8035268540873cc1afe2ca8c3) Importer(815301076,1909f56bfc062723c751e8b465ee728b)
Start importing Assets/TBS Framework/Examples/Example4/Prefabs/Cells/colored_615.prefab using Guid(8e2f1df8035268540873cc1afe2ca8c3) Importer(815301076,1909f56bfc062723c751e8b465ee728b)  -> (artifact id: 'dc792ab14309c123b8a8727e42459a69') in 0.018008 seconds 
  Import took 0.021909 seconds .

========================================================================
Received Import Request.
  Time since last request: 0.000191 seconds.
  path: Assets/TBS Framework/Examples/Example4/Prefabs/Cells/colored_172.prefab
  artifactKey: Guid(217a1928563cdb34c84bf24a7113e471) Importer(815301076,1909f56bfc062723c751e8b465ee728b)
Start importing Assets/TBS Framework/Examples/Example4/Prefabs/Cells/colored_172.prefab using Guid(217a1928563cdb34c84bf24a7113e471) Importer(815301076,1909f56bfc062723c751e8b465ee728b)  -> (artifact id: 'bb07e027401a290a87b5c1656763b785') in 0.018860 seconds 
  Import took 0.145185 seconds .

========================================================================
Received Import Request.
  Time since last request: 0.000294 seconds.
  path: Assets/TBS Framework/Examples/Example4/Prefabs/Cells/colored_171.prefab
  artifactKey: Guid(e5ae70b5e2563a045b398e6cccf3e070) Importer(815301076,1909f56bfc062723c751e8b465ee728b)
Start importing Assets/TBS Framework/Examples/Example4/Prefabs/Cells/colored_171.prefab using Guid(e5ae70b5e2563a045b398e6cccf3e070) Importer(815301076,1909f56bfc062723c751e8b465ee728b)  -> (artifact id: '3a4ab634d719e4c1098612970b9894de') in 0.018397 seconds 
  Import took 0.021517 seconds .

========================================================================
Received Import Request.
  Time since last request: 7.756170 seconds.
  path: Assets/TBS Framework/Examples/Tutorial
  artifactKey: Guid(9023b34238af6874594b60289fbcf624) Importer(815301076,1909f56bfc062723c751e8b465ee728b)
Start importing Assets/TBS Framework/Examples/Tutorial using Guid(9023b34238af6874594b60289fbcf624) Importer(815301076,1909f56bfc062723c751e8b465ee728b)  -> (artifact id: 'a5236ad3c5f6b51338f9b3f30e683b4c') in 0.024733 seconds 
  Import took 0.028129 seconds .

========================================================================
Received Import Request.
  Time since last request: 1.251193 seconds.
  path: Assets/TBS Framework/Examples/Tutorial/Prefabs
  artifactKey: Guid(53281af0128fe2c4d9b52849ee159759) Importer(815301076,1909f56bfc062723c751e8b465ee728b)
Start importing Assets/TBS Framework/Examples/Tutorial/Prefabs using Guid(53281af0128fe2c4d9b52849ee159759) Importer(815301076,1909f56bfc062723c751e8b465ee728b)  -> (artifact id: '334940ea10419cf3ed06273cfc7baea8') in 0.004866 seconds 
  Import took 0.050934 seconds .

========================================================================
Received Import Request.
  Time since last request: 0.000238 seconds.
  path: Assets/TBS Framework/Examples/Tutorial/Prefabs/Obstacle.prefab
  artifactKey: Guid(893505c4874ed0541a68d47818f5bcb3) Importer(815301076,1909f56bfc062723c751e8b465ee728b)
Start importing Assets/TBS Framework/Examples/Tutorial/Prefabs/Obstacle.prefab using Guid(893505c4874ed0541a68d47818f5bcb3) Importer(815301076,1909f56bfc062723c751e8b465ee728b)  -> (artifact id: 'cd5565d96781c78cb085bad405f8a931') in 0.019499 seconds 
  Import took 0.022658 seconds .

========================================================================
Received Import Request.
  Time since last request: 2.718697 seconds.
  path: Assets/TBS Framework/Examples/Tutorial/Prefabs/Cells
  artifactKey: Guid(c4ffd3906f441864785b2c8e5da40b1c) Importer(815301076,1909f56bfc062723c751e8b465ee728b)
Start importing Assets/TBS Framework/Examples/Tutorial/Prefabs/Cells using Guid(c4ffd3906f441864785b2c8e5da40b1c) Importer(815301076,1909f56bfc062723c751e8b465ee728b)  -> (artifact id: '06aa55ca5b85afe21f20941309b11f85') in 0.002516 seconds 
  Import took 0.033417 seconds .

========================================================================
Received Import Request.
  Time since last request: 0.022670 seconds.
  path: Assets/TBS Framework/Examples/Tutorial/Prefabs/Cells/RockSquare.prefab
  artifactKey: Guid(407fff7a69c2d834996f82baa622405a) Importer(815301076,1909f56bfc062723c751e8b465ee728b)
Start importing Assets/TBS Framework/Examples/Tutorial/Prefabs/Cells/RockSquare.prefab using Guid(407fff7a69c2d834996f82baa622405a) Importer(815301076,1909f56bfc062723c751e8b465ee728b)  -> (artifact id: '01fe3f5ba8528bd09cad975d03ef8a2f') in 0.045579 seconds 
  Import took 0.048940 seconds .

========================================================================
Received Import Request.
  Time since last request: 0.000284 seconds.
  path: Assets/TBS Framework/Examples/Tutorial/Prefabs/Cells/SampleSquare.prefab
  artifactKey: Guid(a6a8b0e0603d6ae4ba054aea26b95125) Importer(815301076,1909f56bfc062723c751e8b465ee728b)
Start importing Assets/TBS Framework/Examples/Tutorial/Prefabs/Cells/SampleSquare.prefab using Guid(a6a8b0e0603d6ae4ba054aea26b95125) Importer(815301076,1909f56bfc062723c751e8b465ee728b)  -> (artifact id: '67eaa7b9934d6f205d4751bb25e9fb55') in 0.022469 seconds 
  Import took 0.025350 seconds .

========================================================================
Received Import Request.
  Time since last request: 8.192474 seconds.
  path: Assets/TBS Framework/Examples/Tutorial/Scripts/SampleSquare.cs
  artifactKey: Guid(7e625b2e8b3890943aa2e1903a69f484) Importer(815301076,1909f56bfc062723c751e8b465ee728b)
Start importing Assets/TBS Framework/Examples/Tutorial/Scripts/SampleSquare.cs using Guid(7e625b2e8b3890943aa2e1903a69f484) Importer(815301076,1909f56bfc062723c751e8b465ee728b)  -> (artifact id: 'c7f1d61cc9acbdad3570bb7a4cc7fa60') in 0.004529 seconds 
  Import took 0.028702 seconds .

========================================================================
Received Import Request.
  Time since last request: 144.066798 seconds.
  path: Assets/TBS Framework/Examples/Tutorial/Scripts/SampleUnit.cs
  artifactKey: Guid(989ee01e73a1102438d5e4bbb100d1dd) Importer(815301076,1909f56bfc062723c751e8b465ee728b)
Start importing Assets/TBS Framework/Examples/Tutorial/Scripts/SampleUnit.cs using Guid(989ee01e73a1102438d5e4bbb100d1dd) Importer(815301076,1909f56bfc062723c751e8b465ee728b)  -> (artifact id: '30a7461cf9ab99baf9c374ef79ed29ba') in 0.007954 seconds 
  Import took 0.043931 seconds .

========================================================================
Received Prepare
Registering precompiled user dll's ...
Registered in 0.004088 seconds.
Begin MonoManager ReloadAssembly
Native extension for WindowsStandalone target not found
Refreshing native plugins compatible for Editor in 0.45 ms, found 2 plugins.
Preloading 0 native plugins for Editor in 0.00 ms.
Mono: successfully reloaded assembly
- Completed reload, in  1.334 seconds
Domain Reload Profiling:
	ReloadAssembly (1334ms)
		BeginReloadAssembly (126ms)
			ExecutionOrderSort (0ms)
			DisableScriptedObjects (6ms)
			BackupInstance (0ms)
			ReleaseScriptingObjects (0ms)
			CreateAndSetChildDomain (42ms)
		EndReloadAssembly (1119ms)
			LoadAssemblies (126ms)
			RebuildTransferFunctionScriptingTraits (0ms)
			SetupTypeCache (425ms)
			ReleaseScriptCaches (1ms)
			RebuildScriptCaches (57ms)
			SetupLoadedEditorAssemblies (379ms)
				LogAssemblyErrors (0ms)
				InitializePlatformSupportModulesInManaged (5ms)
				SetLoadedEditorAssemblies (1ms)
				RefreshPlugins (1ms)
				BeforeProcessingInitializeOnLoad (87ms)
				ProcessInitializeOnLoadAttributes (268ms)
				ProcessInitializeOnLoadMethodAttributes (13ms)
				AfterProcessingInitializeOnLoad (4ms)
				EditorAssembliesLoaded (0ms)
			ExecutionOrderSort2 (0ms)
			AwakeInstancesAfterBackupRestoration (9ms)
Platform modules already initialized, skipping
Refreshing native plugins compatible for Editor in 0.44 ms, found 2 plugins.
Preloading 0 native plugins for Editor in 0.00 ms.
Unloading 1638 Unused Serialized files (Serialized files now loaded: 0)
System memory in use before: 77.0 MB.
System memory in use after: 77.1 MB.

Unloading 16 unused Assets to reduce memory usage. Loaded Objects now: 2150.
Total: 3.438600 ms (FindLiveObjects: 0.235100 ms CreateObjectMapping: 0.140900 ms MarkObjects: 3.036500 ms  DeleteObjects: 0.024700 ms)

AssetImportParameters requested are different than current active one (requested -> active):
  custom:framework-win-MediaFoundation: 216162199b28c13a410421893ffa2e32 -> 
  custom:video-decoder-ogg-theora: a1e56fd34408186e4bbccfd4996cb3dc -> 
  custom:container-muxer-webm: aa71ff27fc2769a1b78a27578f13a17b -> 
  custom:container-demuxer-webm: 4f35f7cbe854078d1ac9338744f61a02 -> 
  custom:container-demuxer-ogg: 62fdf1f143b41e24485cea50d1cbac27 -> 
  custom:video-encoder-webm-vp8: eb34c28f22e8b96e1ab97ce403110664 -> 
  custom:video-decoder-webm-vp8: 9c59270c3fd7afecdb556c50c9e8de78 -> 
  custom:audio-decoder-ogg-vorbis: bf7c407c2cedff20999df2af8eb42d56 -> 
  custom:audio-encoder-webm-vorbis: bf7c407c2cedff20999df2af8eb42d56 -> 
AssetImportWorkerClient::OnTransportError - code=2 error=End of file
